0 info it worked if it ends with ok
1 verbose cli [ '/Users/DanielK/.nvm/versions/node/v4.0.0/bin/node',
1 verbose cli   '/Users/DanielK/.nvm/versions/node/v4.0.0/bin/npm',
1 verbose cli   'run',
1 verbose cli   'build' ]
2 info using npm@2.14.2
3 info using node@v4.0.0
4 verbose run-script [ 'prebuild', 'build', 'postbuild' ]
5 info prebuild ttd-angular2@1.0.0
6 info build ttd-angular2@1.0.0
7 verbose unsafe-perm in lifecycle true
8 info ttd-angular2@1.0.0 Failed to exec build script
9 verbose stack Error: ttd-angular2@1.0.0 build: `tsc -m commonjs -t es5 --emitDecoratorMetadata src/*.ts --outDir build/ | tsc -m commonjs -t es5 --emitDecoratorMetadata test/*.ts`
9 verbose stack Exit status 2
9 verbose stack     at EventEmitter.<anonymous> (/Users/DanielK/.nvm/versions/node/v4.0.0/lib/node_modules/npm/lib/utils/lifecycle.js:214:16)
9 verbose stack     at emitTwo (events.js:87:13)
9 verbose stack     at EventEmitter.emit (events.js:172:7)
9 verbose stack     at ChildProcess.<anonymous> (/Users/DanielK/.nvm/versions/node/v4.0.0/lib/node_modules/npm/lib/utils/spawn.js:24:14)
9 verbose stack     at emitTwo (events.js:87:13)
9 verbose stack     at ChildProcess.emit (events.js:172:7)
9 verbose stack     at maybeClose (internal/child_process.js:817:16)
9 verbose stack     at Process.ChildProcess._handle.onexit (internal/child_process.js:211:5)
10 verbose pkgid ttd-angular2@1.0.0
11 verbose cwd /Users/DanielK/Documents/Articles/With-Darrel/ttd-angular2
12 error Darwin 14.5.0
13 error argv "/Users/DanielK/.nvm/versions/node/v4.0.0/bin/node" "/Users/DanielK/.nvm/versions/node/v4.0.0/bin/npm" "run" "build"
14 error node v4.0.0
15 error npm  v2.14.2
16 error code ELIFECYCLE
17 error ttd-angular2@1.0.0 build: `tsc -m commonjs -t es5 --emitDecoratorMetadata src/*.ts --outDir build/ | tsc -m commonjs -t es5 --emitDecoratorMetadata test/*.ts`
17 error Exit status 2
18 error Failed at the ttd-angular2@1.0.0 build script 'tsc -m commonjs -t es5 --emitDecoratorMetadata src/*.ts --outDir build/ | tsc -m commonjs -t es5 --emitDecoratorMetadata test/*.ts'.
18 error This is most likely a problem with the ttd-angular2 package,
18 error not with npm itself.
18 error Tell the author that this fails on your system:
18 error     tsc -m commonjs -t es5 --emitDecoratorMetadata src/*.ts --outDir build/ | tsc -m commonjs -t es5 --emitDecoratorMetadata test/*.ts
18 error You can get their info via:
18 error     npm owner ls ttd-angular2
18 error There is likely additional logging output above.
19 verbose exit [ 1, true ]
